Parsing PAO project file successfully ...
Analyzing HDL source files ...
Analyzing HDL source files successfully ...
HDL language for the peripheral (top level) design unit single_master_bfm is
vhdl ...
INFO:EDK:3391 - Create temporary xst project file:
   D:\545\repo\MyProcessorIPLib\pcores/single_master_bfm.prj
WARNING:HDLParsers:3497 - Ignoring Verilog File
   "D:/545/repo/MyProcessorIPLib/pcores/single_master_bfm_v1_00_a/hdl/verilog/us
   er_logic.v"
Compiling vhdl file
"D:/Xilinx/12.2/ISE_DS/EDK/hw/XilinxProcessorIPLib/pcores/proc_common_v3_00_a/hd
l/vhdl/family_support.vhd" in Library proc_common_v3_00_a.
Package <family_support> compiled.
Package body <family_support> compiled.
Compiling vhdl file
"D:/Xilinx/12.2/ISE_DS/EDK/hw/XilinxProcessorIPLib/pcores/proc_common_v3_00_a/hd
l/vhdl/proc_common_pkg.vhd" in Library proc_common_v3_00_a.
Package <proc_common_pkg> compiled.
Package body <proc_common_pkg> compiled.
Compiling vhdl file
"D:/Xilinx/12.2/ISE_DS/EDK/hw/XilinxProcessorIPLib/pcores/proc_common_v3_00_a/hd
l/vhdl/muxf_struct_f.vhd" in Library proc_common_v3_00_a.
Entity <muxf_struct> compiled.
Entity <muxf_struct> (Architecture <imp>) compiled.
Entity <muxf_struct_f> compiled.
Entity <muxf_struct_f> (Architecture <imp>) compiled.
Compiling vhdl file
"D:/Xilinx/12.2/ISE_DS/EDK/hw/XilinxProcessorIPLib/pcores/proc_common_v3_00_a/hd
l/vhdl/cntr_incr_decr_addn_f.vhd" in Library proc_common_v3_00_a.
Entity <cntr_incr_decr_addn_f> compiled.
Entity <cntr_incr_decr_addn_f> (Architecture <imp>) compiled.
Compiling vhdl file
"D:/Xilinx/12.2/ISE_DS/EDK/hw/XilinxProcessorIPLib/pcores/proc_common_v3_00_a/hd
l/vhdl/dynshreg_f.vhd" in Library proc_common_v3_00_a.
Entity <dynshreg_f> compiled.
Entity <dynshreg_f> (Architecture <behavioral>) compiled.
Compiling vhdl file
"D:/Xilinx/12.2/ISE_DS/EDK/hw/XilinxProcessorIPLib/pcores/proc_common_v3_00_a/hd
l/vhdl/or_muxcy.vhd" in Library proc_common_v3_00_a.
Entity <or_muxcy> compiled.
Entity <or_muxcy> (Architecture <implementation>) compiled.
Compiling vhdl file
"D:/Xilinx/12.2/ISE_DS/EDK/hw/XilinxProcessorIPLib/pcores/proc_common_v3_00_a/hd
l/vhdl/srl_fifo_rbu_f.vhd" in Library proc_common_v3_00_a.
Entity <srl_fifo_rbu_f> compiled.
Entity <srl_fifo_rbu_f> (Architecture <imp>) compiled.
Compiling vhdl file
"D:/Xilinx/12.2/ISE_DS/EDK/hw/XilinxProcessorIPLib/pcores/proc_common_v3_00_a/hd
l/vhdl/counter_f.vhd" in Library proc_common_v3_00_a.
Entity <counter_f> compiled.
Entity <counter_f> (Architecture <imp>) compiled.
Compiling vhdl file
"D:/Xilinx/12.2/ISE_DS/EDK/hw/XilinxProcessorIPLib/pcores/proc_common_v3_00_a/hd
l/vhdl/srl_fifo_f.vhd" in Library proc_common_v3_00_a.
Entity <srl_fifo_f> compiled.
Entity <srl_fifo_f> (Architecture <imp>) compiled.
Compiling vhdl file
"D:/Xilinx/12.2/ISE_DS/EDK/hw/XilinxProcessorIPLib/pcores/proc_common_v3_00_a/hd
l/vhdl/pselect_f.vhd" in Library proc_common_v3_00_a.
Entity <pselect_f> compiled.
Entity <pselect_f> (Architecture <imp>) compiled.
Compiling vhdl file
"D:/Xilinx/12.2/ISE_DS/EDK/hw/XilinxProcessorIPLib/pcores/proc_common_v3_00_a/hd
l/vhdl/or_gate128.vhd" in Library proc_common_v3_00_a.
Entity <or_gate128> compiled.
Entity <or_gate128> (Architecture <imp>) compiled.
Compiling vhdl file
"D:/Xilinx/12.2/ISE_DS/EDK/hw/XilinxProcessorIPLib/pcores/proc_common_v3_00_a/hd
l/vhdl/ipif_pkg.vhd" in Library proc_common_v3_00_a.
Package <ipif_pkg> compiled.
Package body <ipif_pkg> compiled.
Compiling vhdl file
"D:/Xilinx/12.2/ISE_DS/EDK/hw/XilinxProcessorIPLib/pcores/plbv46_slave_single_v1
_01_a/hdl/vhdl/plb_address_decoder.vhd" in Library plbv46_slave_single_v1_01_a.
Entity <plb_address_decoder> compiled.
Entity <plb_address_decoder> (Architecture <IMP>) compiled.
Compiling vhdl file
"D:/Xilinx/12.2/ISE_DS/EDK/hw/XilinxProcessorIPLib/pcores/plbv46_master_single_v
1_01_a/hdl/vhdl/data_width_adapter.vhd" in Library plbv46_master_single_v1_01_a.
Entity <data_width_adapter> compiled.
Entity <data_width_adapter> (Architecture <implementation>) compiled.
Compiling vhdl file
"D:/Xilinx/12.2/ISE_DS/EDK/hw/XilinxProcessorIPLib/pcores/plbv46_master_single_v
1_01_a/hdl/vhdl/data_mirror_128.vhd" in Library plbv46_master_single_v1_01_a.
Entity <data_mirror_128> compiled.
Entity <data_mirror_128> (Architecture <implementation>) compiled.
Compiling vhdl file
"D:/Xilinx/12.2/ISE_DS/EDK/hw/XilinxProcessorIPLib/pcores/plbv46_slave_single_v1
_01_a/hdl/vhdl/plb_slave_attachment.vhd" in Library plbv46_slave_single_v1_01_a.
Entity <plb_slave_attachment> compiled.
Entity <plb_slave_attachment> (Architecture <implementation>) compiled.
Compiling vhdl file
"D:/Xilinx/12.2/ISE_DS/EDK/hw/XilinxProcessorIPLib/pcores/plbv46_slave_single_v1
_01_a/hdl/vhdl/plbv46_slave_single.vhd" in Library plbv46_slave_single_v1_01_a.
Entity <plbv46_slave_single> compiled.
Entity <plbv46_slave_single> (Architecture <implementation>) compiled.
Compiling vhdl file
"D:/Xilinx/12.2/ISE_DS/EDK/hw/XilinxProcessorIPLib/pcores/plbv46_master_single_v
1_01_a/hdl/vhdl/plbv46_master_single.vhd" in Library
plbv46_master_single_v1_01_a.
Entity <plbv46_master_single> compiled.
Entity <plbv46_master_single> (Architecture <implementation>) compiled.
Compiling vhdl file
"D:/545/repo/MyProcessorIPLib/pcores/single_master_bfm_v1_00_a/hdl/vhdl/single_m
aster_bfm.vhd" in Library single_master_bfm_v1_00_a.
Entity <single_master_bfm> compiled.
Entity <single_master_bfm> (Architecture <IMP>) compiled.


Analyzing HDL attributes ...
Entity name = single_master_bfm
INFO:EDK:1607 - IPTYPE set to value : PERIPHERAL
INFO:EDK:1511 - IMP_NETLIST set to value : TRUE
INFO:EDK:1486 - HDL set to value : VHDL
WARNING:EDK:3590 - Unable to delete temporary project file
   D:\545\repo\MyProcessorIPLib\pcores\single_master_bfm.prj : 13
WARNING:EDK:2065 - PARAMETER:_NUM_SLAVES - SLAVE PLBV46 parameter is not defined
   in the HDL source
WARNING:EDK:2065 - PARAMETER:_NUM_SLAVES - MASTER PLBV46 parameter is not
   defined in the HDL source
WARNING:EDK:2065 - PARAMETER:_NUM_MASTERS - MASTER PLBV46 parameter is not
   defined in the HDL source
WARNING:EDK:2065 - PARAMETER:_MID_WIDTH - MASTER PLBV46 parameter is not defined
   in the HDL source
ERROR:EDK:1987 - No port was associated to bus connector MPLB_Clk!
ERROR:EDK:1987 - No port was associated to bus connector MPLB_Clk!
ERROR:EDK:1987 - No port was associated to bus connector MPLB_Clk!
ERROR:EDK:1987 - No port was associated to bus connector MPLB_Clk!
ERROR:EDK:1987 - No port was associated to bus connector MPLB_Clk!
ERROR:EDK:1987 - No port was associated to bus connector MPLB_Clk!
ERROR:EDK:1987 - No port was associated to bus connector MPLB_Clk!
ERROR:EDK:1987 - No port was associated to bus connector MPLB_Clk!
ERROR:EDK:1987 - No port was associated to bus connector MPLB_Clk!
ERROR:EDK:1987 - No port was associated to bus connector MPLB_Clk!
ERROR:EDK:1987 - No port was associated to bus connector MPLB_Clk!
ERROR:EDK:1987 - No port was associated to bus connector MPLB_Clk!
ERROR:EDK:1987 - No port was associated to bus connector MPLB_Clk!
ERROR:EDK:1987 - No port was associated to bus connector MPLB_Clk!
ERROR:EDK:1987 - No port was associated to bus connector MPLB_Clk!
ERROR:EDK:1987 - No port was associated to bus connector MPLB_Clk!
ERROR:EDK:1987 - No port was associated to bus connector MPLB_Clk!
ERROR:EDK:1987 - No port was associated to bus connector MPLB_Clk!
ERROR:EDK:1987 - No port was associated to bus connector MPLB_Clk!
ERROR:EDK:1987 - No port was associated to bus connector MPLB_Clk!
ERROR:EDK:1987 - No port was associated to bus connector MPLB_Clk!
ERROR:EDK:1987 - No port was associated to bus connector MPLB_Clk!
ERROR:EDK:1987 - No port was associated to bus connector MPLB_Clk!
ERROR:EDK:1987 - No port was associated to bus connector MPLB_Clk!
ERROR:EDK:1987 - No port was associated to bus connector MPLB_Clk!
ERROR:EDK:1987 - No port was associated to bus connector MPLB_Clk!
ERROR:EDK:1987 - No port was associated to bus connector MPLB_Clk!
ERROR:EDK:1987 - No port was associated to bus connector MPLB_Clk!
ERROR:EDK:1987 - No port was associated to bus connector MPLB_Clk!
ERROR:EDK:1987 - No port was associated to bus connector MPLB_Clk!
ERROR:EDK:1987 - No port was associated to bus connector MPLB_Clk!
ERROR:EDK:1987 - No port was associated to bus connector MPLB_Clk!
ERROR:EDK:1987 - No port was associated to bus connector MPLB_Clk!
ERROR:EDK:1987 - No port was associated to bus connector MPLB_Clk!
ERROR:EDK:1987 - No port was associated to bus connector MPLB_Clk!
ERROR:EDK:1987 - No port was associated to bus connector MPLB_Clk!
ERROR:EDK:1987 - No port was associated to bus connector MPLB_Clk!
ERROR:EDK:1987 - No port was associated to bus connector MPLB_Clk!
ERROR:EDK:1987 - No port was associated to bus connector MPLB_Clk!
ERROR:EDK:1987 - No port was associated to bus connector MPLB_Clk!
ERROR:EDK:1987 - No port was associated to bus connector MPLB_Clk!
ERROR:EDK:1987 - No port was associated to bus connector MPLB_Clk!
ERROR:EDK:1987 - No port was associated to bus connector MPLB_Clk!
ERROR:EDK:1987 - No port was associated to bus connector MPLB_Clk!
ERROR:EDK:1987 - No port was associated to bus connector MPLB_Clk!
ERROR:EDK:1987 - No port was associated to bus connector MPLB_Clk!
ERROR:EDK:1987 - No port was associated to bus connector MPLB_Clk!
ERROR:EDK:1987 - No port was associated to bus connector MPLB_Clk!
ERROR:EDK:1987 - No port was associated to bus connector MPLB_Clk!
ERROR:EDK:1987 - No port was associated to bus connector MPLB_Clk!
ERROR:EDK:1987 - No port was associated to bus connector MPLB_Clk!
ERROR:EDK:1987 - No port was associated to bus connector MPLB_Clk!
ERROR:EDK:1987 - No port was associated to bus connector MPLB_Clk!
ERROR:EDK:1987 - No port was associated to bus connector MPLB_Clk!
ERROR:EDK:1987 - No port was associated to bus connector MPLB_Clk!
ERROR:EDK:1987 - No port was associated to bus connector MPLB_Clk!
ERROR:EDK:1987 - No port was associated to bus connector MPLB_Clk!
ERROR:EDK:1987 - No port was associated to bus connector MPLB_Clk!
ERROR:EDK:1987 - No port was associated to bus connector MPLB_Clk!
ERROR:EDK:1987 - No port was associated to bus connector MPLB_Clk!
ERROR:EDK:1987 - No port was associated to bus connector MPLB_Clk!
ERROR:EDK:1987 - No port was associated to bus connector MPLB_Clk!
ERROR:EDK:1987 - No port was associated to bus connector MPLB_Clk!
ERROR:EDK:1987 - No port was associated to bus connector MPLB_Clk!
ERROR:EDK:1987 - No port was associated to bus connector MPLB_Clk!
ERROR:EDK:1987 - No port was associated to bus connector MPLB_Clk!
ERROR:EDK:1987 - No port was associated to bus connector MPLB_Clk!
ERROR:EDK:1987 - No port was associated to bus connector MPLB_Clk!
ERROR:EDK:1987 - No port was associated to bus connector MPLB_Clk!
ERROR:EDK:1987 - No port was associated to bus connector MPLB_Clk!
ERROR:EDK:1987 - No port was associated to bus connector MPLB_Clk!
ERROR:EDK:1987 - No port was associated to bus connector MPLB_Clk!
ERROR:EDK:1987 - No port was associated to bus connector MPLB_Clk!
ERROR:EDK:1987 - No port was associated to bus connector MPLB_Clk!
INFO:EDK:1631 - Infer bus clock [SPLB_Clk] for bus interface MPLB:SPLB ...
INFO:EDK:1631 - Infer bus clock [MPLB_Clk] for bus interface MPLB:SPLB ...
ERROR:EDK:1987 - No port was associated to bus connector MPLB_Rst!
ERROR:EDK:1987 - No port was associated to bus connector PLB_MBusy!
ERROR:EDK:1987 - No port was associated to bus connector PLB_MRdErr!
ERROR:EDK:1987 - No port was associated to bus connector PLB_MWrErr!
ERROR:EDK:1987 - No port was associated to bus connector PLB_MIRQ!
ERROR:EDK:1987 - No port was associated to bus connector PLB_MWrBTerm!
ERROR:EDK:1987 - No port was associated to bus connector PLB_MWrDAck!
ERROR:EDK:1987 - No port was associated to bus connector PLB_MAddrAck!
ERROR:EDK:1987 - No port was associated to bus connector PLB_MRdBTerm!
ERROR:EDK:1987 - No port was associated to bus connector PLB_MRdDAck!
ERROR:EDK:1987 - No port was associated to bus connector PLB_MRdDBus!
ERROR:EDK:1987 - No port was associated to bus connector PLB_MRdWdAddr!
ERROR:EDK:1987 - No port was associated to bus connector PLB_MRearbitrate!
ERROR:EDK:1987 - No port was associated to bus connector PLB_MSSize!
ERROR:EDK:1987 - No port was associated to bus connector PLB_MTimeout!
ERROR:EDK:1987 - No port was associated to bus connector M_abort!
ERROR:EDK:1987 - No port was associated to bus connector M_ABus!
ERROR:EDK:1987 - No port was associated to bus connector M_UABus!
ERROR:EDK:1987 - No port was associated to bus connector M_BE!
ERROR:EDK:1987 - No port was associated to bus connector M_busLock!
ERROR:EDK:1987 - No port was associated to bus connector M_lockErr!
ERROR:EDK:1987 - No port was associated to bus connector M_MSize!
ERROR:EDK:1987 - No port was associated to bus connector M_priority!
ERROR:EDK:1987 - No port was associated to bus connector M_rdBurst!
ERROR:EDK:1987 - No port was associated to bus connector M_request!
ERROR:EDK:1987 - No port was associated to bus connector M_RNW!
ERROR:EDK:1987 - No port was associated to bus connector M_size!
ERROR:EDK:1987 - No port was associated to bus connector M_TAttribute!
ERROR:EDK:1987 - No port was associated to bus connector M_type!
ERROR:EDK:1987 - No port was associated to bus connector M_wrBurst!
ERROR:EDK:1987 - No port was associated to bus connector M_wrDBus!
ERROR:EDK:1987 - No port was associated to bus connector SPLB_Clk!
ERROR:EDK:1987 - No port was associated to bus connector SPLB_Rst!
ERROR:EDK:1987 - No port was associated to bus connector PLB_abort!
ERROR:EDK:1987 - No port was associated to bus connector PLB_ABus!
ERROR:EDK:1987 - No port was associated to bus connector PLB_UABus!
ERROR:EDK:1987 - No port was associated to bus connector PLB_BE!
ERROR:EDK:1987 - No port was associated to bus connector PLB_busLock!
ERROR:EDK:1987 - No port was associated to bus connector PLB_lockErr!
ERROR:EDK:1987 - No port was associated to bus connector PLB_masterID!
ERROR:EDK:1987 - No port was associated to bus connector PLB_PAValid!
ERROR:EDK:1987 - No port was associated to bus connector PLB_rdPendPri!
ERROR:EDK:1987 - No port was associated to bus connector PLB_wrPendPri!
ERROR:EDK:1987 - No port was associated to bus connector PLB_rdPendReq!
ERROR:EDK:1987 - No port was associated to bus connector PLB_wrPendReq!
ERROR:EDK:1987 - No port was associated to bus connector PLB_rdBurst!
ERROR:EDK:1987 - No port was associated to bus connector PLB_rdPrim!
ERROR:EDK:1987 - No port was associated to bus connector PLB_reqPri!
ERROR:EDK:1987 - No port was associated to bus connector PLB_RNW!
ERROR:EDK:1987 - No port was associated to bus connector PLB_SAValid!
ERROR:EDK:1987 - No port was associated to bus connector PLB_MSize!
ERROR:EDK:1987 - No port was associated to bus connector PLB_size!
ERROR:EDK:1987 - No port was associated to bus connector PLB_TAttribute!
ERROR:EDK:1987 - No port was associated to bus connector PLB_type!
ERROR:EDK:1987 - No port was associated to bus connector PLB_wrBurst!
ERROR:EDK:1987 - No port was associated to bus connector PLB_wrDBus!
ERROR:EDK:1987 - No port was associated to bus connector PLB_wrPrim!
ERROR:EDK:1987 - No port was associated to bus connector Sl_addrAck!
ERROR:EDK:1987 - No port was associated to bus connector Sl_MBusy!
ERROR:EDK:1987 - No port was associated to bus connector Sl_MRdErr!
ERROR:EDK:1987 - No port was associated to bus connector Sl_MWrErr!
ERROR:EDK:1987 - No port was associated to bus connector Sl_MIRQ!
ERROR:EDK:1987 - No port was associated to bus connector Sl_rdBTerm!
ERROR:EDK:1987 - No port was associated to bus connector Sl_rdComp!
ERROR:EDK:1987 - No port was associated to bus connector Sl_rdDAck!
ERROR:EDK:1987 - No port was associated to bus connector Sl_rdDBus!
ERROR:EDK:1987 - No port was associated to bus connector Sl_rdWdAddr!
ERROR:EDK:1987 - No port was associated to bus connector Sl_rearbitrate!
ERROR:EDK:1987 - No port was associated to bus connector Sl_SSize!
ERROR:EDK:1987 - No port was associated to bus connector Sl_wait!
ERROR:EDK:1987 - No port was associated to bus connector Sl_wrBTerm!
ERROR:EDK:1987 - No port was associated to bus connector Sl_wrComp!
ERROR:EDK:1987 - No port was associated to bus connector Sl_wrDAck!
INFO:EDK:1470 - Get attribute value 0x100 from previous MPD file.
INFO:EDK:1470 - Get attribute value CONSTANT from previous MPD file.
INFO:EDK:1470 - Get attribute value (32, 64, 128) from previous MPD file.
INFO:EDK:1470 - Get attribute value (1:16) from previous MPD file.
INFO:EDK:1470 - Get attribute value (1:4) from previous MPD file.
INFO:EDK:1470 - Get attribute value (32, 64, 128) from previous MPD file.
INFO:EDK:1470 - Get attribute value CONSTANT from previous MPD file.
INFO:EDK:1470 - Get attribute value (0, 1) from previous MPD file.
INFO:EDK:1470 - Get attribute value (0, 1) from previous MPD file.
INFO:EDK:1470 - Get attribute value CONSTANT from previous MPD file.
INFO:EDK:1470 - Get attribute value (32, 64, 128) from previous MPD file.
INFO:EDK:1470 - Get attribute value (0, 1) from previous MPD file.
INFO:EDK:1470 - Get attribute value CONSTANT from previous MPD file.
INFO:EDK:1470 - Get attribute value (32, 64, 128) from previous MPD file.
INFO:EDK:1470 - Get attribute value (32, 64, 128) from previous MPD file.
INFO:EDK:1470 - Get attribute value CONSTANT from previous MPD file.
INFO:EDK:1470 - Get attribute value (0, 1) from previous MPD file.
INFO:EDK:1470 - Get attribute value (32, 64, 128) from previous MPD file.
INFO:EDK:1470 - Get attribute value 0x100 from previous MPD file.
INFO:EDK:1470 - Get attribute value CONSTANT from previous MPD file.
INFO:EDK:1470 - Get attribute value (32, 64, 128) from previous MPD file.
INFO:EDK:1470 - Get attribute value (1:16) from previous MPD file.
INFO:EDK:1470 - Get attribute value (1:4) from previous MPD file.
INFO:EDK:1470 - Get attribute value (32, 64, 128) from previous MPD file.
INFO:EDK:1470 - Get attribute value CONSTANT from previous MPD file.
INFO:EDK:1470 - Get attribute value (0, 1) from previous MPD file.
INFO:EDK:1470 - Get attribute value (0, 1) from previous MPD file.
INFO:EDK:1470 - Get attribute value CONSTANT from previous MPD file.
INFO:EDK:1470 - Get attribute value (32, 64, 128) from previous MPD file.
INFO:EDK:1470 - Get attribute value (0, 1) from previous MPD file.
INFO:EDK:1470 - Get attribute value CONSTANT from previous MPD file.
INFO:EDK:1470 - Get attribute value (32, 64, 128) from previous MPD file.
INFO:EDK:1470 - Get attribute value (32, 64, 128) from previous MPD file.
INFO:EDK:1470 - Get attribute value CONSTANT from previous MPD file.
INFO:EDK:1470 - Get attribute value (0, 1) from previous MPD file.
INFO:EDK:1470 - Get attribute value (32, 64, 128) from previous MPD file.
Copying file user_logic.v to
D:\545\repo\MyProcessorIPLib\pcores/single_master_bfm_v1_00_a/hdl/verilog/ ...
Copying file single_master_bfm.vhd to
D:\545\repo\MyProcessorIPLib\pcores/single_master_bfm_v1_00_a/hdl/vhdl/ ...

Thank you for using Create and Import Peripheral Wizard! Please find your
imported peripheral under
D:\545\repo\MyProcessorIPLib\pcores\single_master_bfm_v1_00_a.

Summary:

  Logical library     : single_master_bfm_v1_00_a
  Version             : 1.00.a
  Bus interface(s)    : SPLB MPLB 

The following sub-directories will be created:

  - single_master_bfm_v1_00_a\data
  - single_master_bfm_v1_00_a\hdl
  - single_master_bfm_v1_00_a\hdl\verilog
  - single_master_bfm_v1_00_a\hdl\vhdl

The following HDL source files will be copied into the
single_master_bfm_v1_00_a\hdl\verilog directory:

  - user_logic.v

The following HDL source files will be copied into the
single_master_bfm_v1_00_a\hdl\vhdl directory:

  - single_master_bfm.vhd

The following files will be created under the single_master_bfm_v1_00_a\data
directory:

  - single_master_bfm_v2_1_0.mpd
  - single_master_bfm_v2_1_0.pao


